
> @secure-attendance/web@1.0.0 build C:\Users\niran\secure-attendance-system\apps\web
> next build

 ⚠ `experimental.typedRoutes` has been moved to `typedRoutes`. Please update your next.config.mjs file accordingly.
   ▲ Next.js 15.5.18
   - Experiments (use with caution):
     ✓ typedRoutes

   Creating an optimized production build ...
 ✓ Compiled successfully in 2.3s
   Linting and checking validity of types ...
   Collecting page data ...
   Generating static pages (0/9) ...
   Generating static pages (2/9) 
   Generating static pages (4/9) 
   Generating static pages (6/9) 
 ✓ Generating static pages (9/9)
   Finalizing page optimization ...
   Collecting build traces ...

Route (app)                                 Size  First Load JS
┌ ○ /                                      123 B         102 kB
├ ○ /_not-found                            991 B         103 kB
├ ○ /dashboard                           1.38 kB         113 kB
├ ○ /dashboard/admin                     1.32 kB         112 kB
├ ○ /dashboard/student                   1.13 kB         112 kB
├ ○ /dashboard/teacher                   1.29 kB         112 kB
└ ○ /login                               2.89 kB         108 kB
+ First Load JS shared by all             102 kB
  ├ chunks/798-ed19014055a40706.js       46.1 kB
  ├ chunks/bb811a4c-1a6a58e3dcbf1b3b.js  54.2 kB
  └ other shared chunks (total)          1.99 kB


○  (Static)  prerendered as static content

